<?xml version="1.0" encoding="UTF-8"?>
<!-- Generated by org.testng.reporters.JUnitXMLReporter -->
<testsuite hostname="itp-wks0289" ignored="0" name="Default test" tests="4" failures="0" timestamp="25 Jul 2019 05:25:48 GMT" time="6.449" errors="0">
  <testcase name="createEmployee" time="2.627" classname="com.test.SampleProject"/>
  <testcase name="deleteEmployee" time="0.761" classname="com.test.SampleProject"/>
  <testcase name="mailsend" time="2.274" classname="com.test.SampleProject"/>
  <testcase name="updateEmployee" time="0.767" classname="com.test.SampleProject"/>
</testsuite> <!-- Default test -->
